# JRE version: OpenJDK Runtime Environment (11.0.15) (build 11.0.15+0-b2043.56-9505619)
# Java VM: OpenJDK 64-Bit Server VM (11.0.15+0-b2043.56-9505619, mixed mode, tiered, compressed oops, g1 gc, windows-amd64)
Heap:
 garbage-first heap   total 305152K, used 223081K [0x0000000080000000, 0x0000000100000000)
  region size 1024K, 13 young (13312K), 4 survivors (4096K)
 Metaspace       used 139804K, capacity 144859K, committed 149412K, reserved 1177600K
  class space    used 18148K, capacity 20078K, committed 21888K, reserved 1048576K
GC Heap History (20 events):
Event: 6427.747 GC heap before
{Heap before GC invocations=55 (full 0):
 garbage-first heap   total 305152K, used 239424K [0x0000000080000000, 0x0000000100000000)
  region size 1024K, 52 young (53248K), 6 survivors (6144K)
 Metaspace       used 116190K, capacity 119289K, committed 119332K, reserved 1153024K
  class space    used 14681K, capacity 15838K, committed 15872K, reserved 1048576K
}
Event: 6427.757 GC heap after
{Heap after GC invocations=56 (full 0):
 garbage-first heap   total 305152K, used 195695K [0x0000000080000000, 0x0000000100000000)
  region size 1024K, 4 young (4096K), 4 survivors (4096K)
 Metaspace       used 116190K, capacity 119289K, committed 119332K, reserved 1153024K
  class space    used 14681K, capacity 15838K, committed 15872K, reserved 1048576K
}
Event: 6428.750 GC heap before
{Heap before GC invocations=57 (full 0):
 garbage-first heap   total 305152K, used 229487K [0x0000000080000000, 0x0000000100000000)
  region size 1024K, 39 young (39936K), 4 survivors (4096K)
 Metaspace       used 122510K, capacity 125774K, committed 125860K, reserved 1159168K
  class space    used 15477K, capacity 16700K, committed 16768K, reserved 1048576K
}
Event: 6428.771 GC heap after
{Heap after GC invocations=58 (full 0):
 garbage-first heap   total 305152K, used 198466K [0x0000000080000000, 0x0000000100000000)
  region size 1024K, 6 young (6144K), 6 survivors (6144K)
 Metaspace       used 122510K, capacity 125774K, committed 125860K, reserved 1159168K
  class space    used 15477K, capacity 16700K, committed 16768K, reserved 1048576K
}
Event: 6430.158 GC heap before
{Heap before GC invocations=59 (full 0):
 garbage-first heap   total 305152K, used 249666K [0x0000000080000000, 0x0000000100000000)
  region size 1024K, 54 young (55296K), 6 survivors (6144K)
 Metaspace       used 124746K, capacity 128106K, committed 128164K, reserved 1161216K
  class space    used 15711K, capacity 16983K, committed 17024K, reserved 1048576K
}
Event: 6430.169 GC heap after
{Heap after GC invocations=60 (full 0):
 garbage-first heap   total 305152K, used 209225K [0x0000000080000000, 0x0000000100000000)
  region size 1024K, 7 young (7168K), 7 survivors (7168K)
 Metaspace       used 124746K, capacity 128106K, committed 128164K, reserved 1161216K
  class space    used 15711K, capacity 16983K, committed 17024K, reserved 1048576K
}
Event: 6430.313 GC heap before
{Heap before GC invocations=60 (full 0):
 garbage-first heap   total 305152K, used 216393K [0x0000000080000000, 0x0000000100000000)
  region size 1024K, 15 young (15360K), 7 survivors (7168K)
 Metaspace       used 124966K, capacity 128287K, committed 128420K, reserved 1161216K
  class space    used 15736K, capacity 17000K, committed 17024K, reserved 1048576K
}
Event: 6430.320 GC heap after
{Heap after GC invocations=61 (full 0):
 garbage-first heap   total 305152K, used 209332K [0x0000000080000000, 0x0000000100000000)
  region size 1024K, 2 young (2048K), 2 survivors (2048K)
 Metaspace       used 124966K, capacity 128287K, committed 128420K, reserved 1161216K
  class space    used 15736K, capacity 17000K, committed 17024K, reserved 1048576K
}
Event: 6430.824 GC heap before
{Heap before GC invocations=62 (full 0):
 garbage-first heap   total 305152K, used 244148K [0x0000000080000000, 0x0000000100000000)
  region size 1024K, 35 young (35840K), 2 survivors (2048K)
 Metaspace       used 129537K, capacity 133578K, committed 133796K, reserved 1165312K
  class space    used 16507K, capacity 18042K, committed 18048K, reserved 1048576K
}
Event: 6430.829 GC heap after
{Heap after GC invocations=63 (full 0):
 garbage-first heap   total 305152K, used 211920K [0x0000000080000000, 0x0000000100000000)
  region size 1024K, 4 young (4096K), 4 survivors (4096K)
 Metaspace       used 129537K, capacity 133578K, committed 133796K, reserved 1165312K
  class space    used 16507K, capacity 18042K, committed 18048K, reserved 1048576K
}
Event: 6430.888 GC heap before
{Heap before GC invocations=63 (full 0):
 garbage-first heap   total 305152K, used 221136K [0x0000000080000000, 0x0000000100000000)
  region size 1024K, 14 young (14336K), 4 survivors (4096K)
 Metaspace       used 130113K, capacity 134189K, committed 134436K, reserved 1165312K
  class space    used 16592K, capacity 18141K, committed 18176K, reserved 1048576K
}
Event: 6430.896 GC heap after
{Heap after GC invocations=64 (full 0):
 garbage-first heap   total 305152K, used 213477K [0x0000000080000000, 0x0000000100000000)
  region size 1024K, 2 young (2048K), 2 survivors (2048K)
 Metaspace       used 130113K, capacity 134189K, committed 134436K, reserved 1165312K
  class space    used 16592K, capacity 18141K, committed 18176K, reserved 1048576K
}
Event: 6431.290 GC heap before
{Heap before GC invocations=64 (full 0):
 garbage-first heap   total 305152K, used 245221K [0x0000000080000000, 0x0000000100000000)
  region size 1024K, 34 young (34816K), 2 survivors (2048K)
 Metaspace       used 135294K, capacity 140605K, committed 140836K, reserved 1171456K
  class space    used 17703K, capacity 19869K, committed 19968K, reserved 1048576K
}
Event: 6431.299 GC heap after
{Heap after GC invocations=65 (full 0):
 garbage-first heap   total 305152K, used 217753K [0x0000000080000000, 0x0000000100000000)
  region size 1024K, 5 young (5120K), 5 survivors (5120K)
 Metaspace       used 135294K, capacity 140605K, committed 140836K, reserved 1171456K
  class space    used 17703K, capacity 19869K, committed 19968K, reserved 1048576K
}
Event: 6431.694 GC heap before
{Heap before GC invocations=66 (full 0):
 garbage-first heap   total 305152K, used 249497K [0x0000000080000000, 0x0000000100000000)
  region size 1024K, 37 young (37888K), 5 survivors (5120K)
 Metaspace       used 138371K, capacity 143771K, committed 144164K, reserved 1173504K
  class space    used 18215K, capacity 20404K, committed 20480K, reserved 1048576K
}
Event: 6431.704 GC heap after
{Heap after GC invocations=67 (full 0):
 garbage-first heap   total 305152K, used 220497K [0x0000000080000000, 0x0000000100000000)
  region size 1024K, 3 young (3072K), 3 survivors (3072K)
 Metaspace       used 138371K, capacity 143771K, committed 144164K, reserved 1173504K
  class space    used 18215K, capacity 20404K, committed 20480K, reserved 1048576K
}
Event: 6431.815 GC heap before
{Heap before GC invocations=67 (full 0):
 garbage-first heap   total 305152K, used 231761K [0x0000000080000000, 0x0000000100000000)
  region size 1024K, 14 young (14336K), 3 survivors (3072K)
 Metaspace       used 139177K, capacity 144794K, committed 144932K, reserved 1173504K
  class space    used 18405K, capacity 20694K, committed 20736K, reserved 1048576K
}
Event: 6431.822 GC heap after
{Heap after GC invocations=68 (full 0):
 garbage-first heap   total 305152K, used 214603K [0x0000000080000000, 0x0000000100000000)
  region size 1024K, 1 young (1024K), 1 survivors (1024K)
 Metaspace       used 139177K, capacity 144794K, committed 144932K, reserved 1173504K
  class space    used 18405K, capacity 20694K, committed 20736K, reserved 1048576K
}
Event: 6432.275 GC heap before
{Heap before GC invocations=68 (full 0):
 garbage-first heap   total 305152K, used 247371K [0x0000000080000000, 0x0000000100000000)
  region size 1024K, 35 young (35840K), 1 survivors (1024K)
 Metaspace       used 142015K, capacity 148659K, committed 148772K, reserved 1177600K
  class space    used 19033K, capacity 21713K, committed 21760K, reserved 1048576K
}
Event: 6432.282 GC heap after
{Heap after GC invocations=69 (full 0):
 garbage-first heap   total 305152K, used 216937K [0x0000000080000000, 0x0000000100000000)
  region size 1024K, 4 young (4096K), 4 survivors (4096K)
 Metaspace       used 142015K, capacity 148659K, committed 148772K, reserved 1177600K
  class space    used 19033K, capacity 21713K, committed 21760K, reserved 1048576K
}

