# JRE version: OpenJDK Runtime Environment (11.0.15) (build 11.0.15+0-b2043.56-9505619)
# Java VM: OpenJDK 64-Bit Server VM (11.0.15+0-b2043.56-9505619, mixed mode, tiered, compressed oops, g1 gc, windows-amd64)
Heap:
 garbage-first heap   total 305152K, used 132862K [0x0000000080000000, 0x0000000100000000)
  region size 1024K, 92 young (94208K), 14 survivors (14336K)
 Metaspace       used 75685K, capacity 77607K, committed 77724K, reserved 1116160K
  class space    used 9964K, capacity 10725K, committed 10752K, reserved 1048576K
GC Heap History (16 events):
Event: 0.899 GC heap before
{Heap before GC invocations=0 (full 0):
 garbage-first heap   total 253952K, used 29696K [0x0000000080000000, 0x0000000100000000)
  region size 1024K, 24 young (24576K), 0 survivors (0K)
 Metaspace       used 9779K, capacity 10020K, committed 10112K, reserved 1058816K
  class space    used 997K, capacity 1069K, committed 1152K, reserved 1048576K
}
Event: 0.909 GC heap after
{Heap after GC invocations=1 (full 0):
 garbage-first heap   total 253952K, used 9462K [0x0000000080000000, 0x0000000100000000)
  region size 1024K, 3 young (3072K), 3 survivors (3072K)
 Metaspace       used 9779K, capacity 10020K, committed 10112K, reserved 1058816K
  class space    used 997K, capacity 1069K, committed 1152K, reserved 1048576K
}
Event: 2.635 GC heap before
{Heap before GC invocations=1 (full 0):
 garbage-first heap   total 253952K, used 106742K [0x0000000080000000, 0x0000000100000000)
  region size 1024K, 99 young (101376K), 3 survivors (3072K)
 Metaspace       used 20745K, capacity 21187K, committed 21296K, reserved 1069056K
  class space    used 2519K, capacity 2685K, committed 2688K, reserved 1048576K
}
Event: 2.653 GC heap after
{Heap after GC invocations=2 (full 0):
 garbage-first heap   total 253952K, used 17520K [0x0000000080000000, 0x0000000100000000)
  region size 1024K, 11 young (11264K), 11 survivors (11264K)
 Metaspace       used 20745K, capacity 21187K, committed 21296K, reserved 1069056K
  class space    used 2519K, capacity 2685K, committed 2688K, reserved 1048576K
}
Event: 3.023 GC heap before
{Heap before GC invocations=3 (full 0):
 garbage-first heap   total 253952K, used 58480K [0x0000000080000000, 0x0000000100000000)
  region size 1024K, 51 young (52224K), 11 survivors (11264K)
 Metaspace       used 24818K, capacity 25359K, committed 25648K, reserved 1071104K
  class space    used 3183K, capacity 3382K, committed 3456K, reserved 1048576K
}
Event: 3.038 GC heap after
{Heap after GC invocations=4 (full 0):
 garbage-first heap   total 253952K, used 18689K [0x0000000080000000, 0x0000000100000000)
  region size 1024K, 2 young (2048K), 2 survivors (2048K)
 Metaspace       used 24818K, capacity 25359K, committed 25648K, reserved 1071104K
  class space    used 3183K, capacity 3382K, committed 3456K, reserved 1048576K
}
Event: 4.054 GC heap before
{Heap before GC invocations=4 (full 0):
 garbage-first heap   total 253952K, used 98561K [0x0000000080000000, 0x0000000100000000)
  region size 1024K, 81 young (82944K), 2 survivors (2048K)
 Metaspace       used 34888K, capacity 35729K, committed 35888K, reserved 1081344K
  class space    used 4555K, capacity 4889K, committed 4992K, reserved 1048576K
}
Event: 4.063 GC heap after
{Heap after GC invocations=5 (full 0):
 garbage-first heap   total 253952K, used 22478K [0x0000000080000000, 0x0000000100000000)
  region size 1024K, 6 young (6144K), 6 survivors (6144K)
 Metaspace       used 34888K, capacity 35729K, committed 35888K, reserved 1081344K
  class space    used 4555K, capacity 4889K, committed 4992K, reserved 1048576K
}
Event: 5.442 GC heap before
{Heap before GC invocations=6 (full 0):
 garbage-first heap   total 253952K, used 129998K [0x0000000080000000, 0x0000000100000000)
  region size 1024K, 108 young (110592K), 6 survivors (6144K)
 Metaspace       used 44743K, capacity 45855K, committed 46000K, reserved 1089536K
  class space    used 5660K, capacity 6071K, committed 6144K, reserved 1048576K
}
Event: 5.451 GC heap after
{Heap after GC invocations=7 (full 0):
 garbage-first heap   total 253952K, used 29893K [0x0000000080000000, 0x0000000100000000)
  region size 1024K, 13 young (13312K), 13 survivors (13312K)
 Metaspace       used 44743K, capacity 45855K, committed 46000K, reserved 1089536K
  class space    used 5660K, capacity 6071K, committed 6144K, reserved 1048576K
}
Event: 6.734 GC heap before
{Heap before GC invocations=7 (full 0):
 garbage-first heap   total 253952K, used 156869K [0x0000000080000000, 0x0000000100000000)
  region size 1024K, 135 young (138240K), 13 survivors (13312K)
 Metaspace       used 51540K, capacity 52930K, committed 53168K, reserved 1095680K
  class space    used 6559K, capacity 7100K, committed 7168K, reserved 1048576K
}
Event: 6.761 GC heap after
{Heap after GC invocations=8 (full 0):
 garbage-first heap   total 253952K, used 40432K [0x0000000080000000, 0x0000000100000000)
  region size 1024K, 16 young (16384K), 16 survivors (16384K)
 Metaspace       used 51540K, capacity 52930K, committed 53168K, reserved 1095680K
  class space    used 6559K, capacity 7100K, committed 7168K, reserved 1048576K
}
Event: 7.588 GC heap before
{Heap before GC invocations=8 (full 0):
 garbage-first heap   total 253952K, used 90608K [0x0000000080000000, 0x0000000100000000)
  region size 1024K, 66 young (67584K), 16 survivors (16384K)
 Metaspace       used 58524K, capacity 60095K, committed 60208K, reserved 1101824K
  class space    used 7442K, capacity 8059K, committed 8064K, reserved 1048576K
}
Event: 7.607 GC heap after
{Heap after GC invocations=9 (full 0):
 garbage-first heap   total 305152K, used 44171K [0x0000000080000000, 0x0000000100000000)
  region size 1024K, 13 young (13312K), 13 survivors (13312K)
 Metaspace       used 58524K, capacity 60095K, committed 60208K, reserved 1101824K
  class space    used 7442K, capacity 8059K, committed 8064K, reserved 1048576K
}
Event: 9.394 GC heap before
{Heap before GC invocations=10 (full 0):
 garbage-first heap   total 305152K, used 197771K [0x0000000080000000, 0x0000000100000000)
  region size 1024K, 155 young (158720K), 13 survivors (13312K)
 Metaspace       used 68079K, capacity 69815K, committed 70044K, reserved 1110016K
  class space    used 8755K, capacity 9441K, committed 9472K, reserved 1048576K
}
Event: 9.404 GC heap after
{Heap after GC invocations=11 (full 0):
 garbage-first heap   total 305152K, used 54014K [0x0000000080000000, 0x0000000100000000)
  region size 1024K, 14 young (14336K), 14 survivors (14336K)
 Metaspace       used 68079K, capacity 69815K, committed 70044K, reserved 1110016K
  class space    used 8755K, capacity 9441K, committed 9472K, reserved 1048576K
}

